2026-02-15T22:06:07.800Z [console][error] A tree hydrated but some attributes of the server rendered HTML didn't match the client properties. This won't be patched up. This can happen if a SSR-ed Client Component used:

- A server/client branch `if (typeof window !== 'undefined')`.
- Variable input such as `Date.now()` or `Math.random()` which changes each time it's called.
- Date formatting in a user's locale which doesn't match the server.
- External changing data without sending a snapshot of it along with the HTML.
- Invalid HTML tag nesting.

It can also happen if the client has a browser extension installed which messes with the HTML before React loaded.

%s%s https://react.dev/link/hydration-mismatch 

  ...
    <ScrollAndFocusHandler segmentPath={[...]}>
      <InnerScrollAndFocusHandler segmentPath={[...]} focusAndScrollRef={{apply:false, ...}}>
        <ErrorBoundary errorComponent={undefined} errorStyles={undefined} errorScripts={undefined}>
          <LoadingBoundary loading={null}>
            <HTTPAccessFallbackBoundary notFound={undefined} forbidden={undefined} unauthorized={undefined}>
              <RedirectBoundary>
                <RedirectErrorBoundary router={{...}}>
                  <InnerLayoutRouter url="/auth/login" tree={[...]} cacheNode={{lazyData:null, ...}} segmentPath={[...]}>
                    <SegmentViewNode type="page" pagePath="/orchids-p...">
                      <SegmentTrieNode>
                      <ClientPageRoot Component={function LoginPage} searchParams={{}} params={{}}>
                        <LoginPage params={Promise} searchParams={Promise}>
                          <motion.div data-orchids-id="src\app\au..." data-orchids-name="motion.div" ...>
                            <div
                              data-orchids-id="src\app\auth\login\page.tsx:25:4"
                              data-orchids-name="motion.div"
                              className="relative z-10 w-full max-w-md mx-4"
                              style={{opacity:0,transform:"trans...
